<?xml version="1.0" encoding="UTF-8"?>
<!-- Generated by org.testng.reporters.JUnitReportReporter -->
<testsuite hostname="LAPTOP-FE8I8AGL" failures="0" tests="1" name="com.mystore.tests.AddToCartPageTest" time="23.572" errors="0" timestamp="15 Aug 2021 15:38:03 GMT" skipped="0">
  <testcase classname="com.mystore.tests.AddToCartPageTest" name="addToCartTest" time="23.572"/>
</testsuite> <!-- com.mystore.tests.AddToCartPageTest -->
