<?xml version="1.0" encoding="UTF-8"?>
<!-- Generated by org.testng.reporters.JUnitReportReporter -->
<testsuite hostname="LAPTOP-FE8I8AGL" failures="0" tests="2" name="com.mystore.tests.HomePageTest" time="32.603" errors="0" timestamp="15 Aug 2021 15:38:03 GMT" skipped="0">
  <testcase classname="com.mystore.tests.HomePageTest" name="OrderListTest" time="15.441"/>
  <testcase classname="com.mystore.tests.HomePageTest" name="wishListTest" time="17.162"/>
</testsuite> <!-- com.mystore.tests.HomePageTest -->
