<?xml version="1.0" encoding="UTF-8"?>
<!-- Generated by org.testng.reporters.JUnitReportReporter -->
<testsuite hostname="LAPTOP-FE8I8AGL" failures="0" tests="8" name="com.qa.opencart.tests.AccountsPageTest" time="24.595" errors="0" timestamp="02 Oct 2021 13:37:30 GMT" skipped="0">
  <testcase classname="com.qa.opencart.tests.AccountsPageTest" name="accountsPageTitleTest" time="0.026"/>
  <testcase classname="com.qa.opencart.tests.AccountsPageTest" name="verifyAccountsPageHeaderTest" time="2.228"/>
  <testcase classname="com.qa.opencart.tests.AccountsPageTest" name="verifyAccountsPageSectionsTest" time="0.046"/>
  <testcase classname="com.qa.opencart.tests.AccountsPageTest" name="verifyAccountsSectionListTest" time="0.114"/>
  <testcase classname="com.qa.opencart.tests.AccountsPageTest" name="searchTest" time="5.094"/>
  <testcase classname="com.qa.opencart.tests.AccountsPageTest" name="searchTest" time="4.605"/>
  <testcase classname="com.qa.opencart.tests.AccountsPageTest" name="searchTest" time="4.714"/>
  <testcase classname="com.qa.opencart.tests.AccountsPageTest" name="verifyProductResultsTest" time="7.768"/>
</testsuite> <!-- com.qa.opencart.tests.AccountsPageTest -->
