<?xml version="1.0" encoding="UTF-8"?>
<!-- Generated by org.testng.reporters.JUnitReportReporter -->
<testsuite hostname="LAPTOP-FE8I8AGL" failures="0" tests="9" name="com.qa.opencart.tests.LoginPageTest" time="28.515" errors="0" timestamp="02 Oct 2021 13:37:30 GMT" skipped="0">
  <testcase classname="com.qa.opencart.tests.LoginPageTest" name="isForgotPwdLinkExist" time="0.042"/>
  <testcase classname="com.qa.opencart.tests.LoginPageTest" name="LoginTest" time="8.183"/>
  <testcase classname="com.qa.opencart.tests.LoginPageTest" name="LoginPageTitleTest" time="0.452"/>
  <testcase classname="com.qa.opencart.tests.LoginPageTest" name="isForgotPwdLinkExist" time="0.148"/>
  <testcase classname="com.qa.opencart.tests.LoginPageTest" name="LoginPageTitleTest" time="0.190"/>
  <testcase classname="com.qa.opencart.tests.LoginPageTest" name="LoginTest" time="9.423"/>
  <testcase classname="com.qa.opencart.tests.LoginPageTest" name="LoginTest" time="9.586"/>
  <testcase classname="com.qa.opencart.tests.LoginPageTest" name="isForgotPwdLinkExist" time="0.202"/>
  <testcase classname="com.qa.opencart.tests.LoginPageTest" name="LoginPageTitleTest" time="0.289"/>
</testsuite> <!-- com.qa.opencart.tests.LoginPageTest -->
